0 info it worked if it ends with ok
1 verbose cli [ '/usr/local/bin/node',
1 verbose cli   '/usr/local/bin/npm',
1 verbose cli   'install',
1 verbose cli   '-g',
1 verbose cli   'autoclose-html' ]
2 info using npm@3.7.3
3 info using node@v5.8.0
4 silly loadCurrentTree Starting
5 silly install loadCurrentTree
6 silly install readGlobalPackageData
7 silly fetchPackageMetaData autoclose-html
8 silly fetchNamedPackageData autoclose-html
9 silly mapToRegistry name autoclose-html
10 silly mapToRegistry using default registry
11 silly mapToRegistry registry https://registry.npmjs.org/
12 silly mapToRegistry uri https://registry.npmjs.org/autoclose-html
13 verbose request uri https://registry.npmjs.org/autoclose-html
14 verbose request no auth needed
15 info attempt registry request try #1 at 1:26:17 PM
16 verbose request id 8d80254b05853114
17 http request GET https://registry.npmjs.org/autoclose-html
18 http 404 https://registry.npmjs.org/autoclose-html
19 verbose headers { 'content-type': 'application/json',
19 verbose headers   'cache-control': 'max-age=0',
19 verbose headers   'content-length': '2',
19 verbose headers   'accept-ranges': 'bytes',
19 verbose headers   date: 'Tue, 29 Mar 2016 17:26:18 GMT',
19 verbose headers   via: '1.1 varnish',
19 verbose headers   age: '0',
19 verbose headers   connection: 'keep-alive',
19 verbose headers   'x-served-by': 'cache-iad2131-IAD',
19 verbose headers   'x-cache': 'MISS',
19 verbose headers   'x-cache-hits': '0',
19 verbose headers   'x-timer': 'S1459272378.122755,VS0,VE25' }
20 silly get cb [ 404,
20 silly get   { 'content-type': 'application/json',
20 silly get     'cache-control': 'max-age=0',
20 silly get     'content-length': '2',
20 silly get     'accept-ranges': 'bytes',
20 silly get     date: 'Tue, 29 Mar 2016 17:26:18 GMT',
20 silly get     via: '1.1 varnish',
20 silly get     age: '0',
20 silly get     connection: 'keep-alive',
20 silly get     'x-served-by': 'cache-iad2131-IAD',
20 silly get     'x-cache': 'MISS',
20 silly get     'x-cache-hits': '0',
20 silly get     'x-timer': 'S1459272378.122755,VS0,VE25' } ]
21 silly fetchPackageMetaData Error: Registry returned 404 for GET on https://registry.npmjs.org/autoclose-html
21 silly fetchPackageMetaData     at makeError (/usr/local/lib/node_modules/npm/node_modules/npm-registry-client/lib/request.js:264:12)
21 silly fetchPackageMetaData     at CachingRegistryClient.<anonymous> (/usr/local/lib/node_modules/npm/node_modules/npm-registry-client/lib/request.js:242:14)
21 silly fetchPackageMetaData     at Request._callback (/usr/local/lib/node_modules/npm/node_modules/npm-registry-client/lib/request.js:172:14)
21 silly fetchPackageMetaData     at Request.self.callback (/usr/local/lib/node_modules/npm/node_modules/request/request.js:199:22)
21 silly fetchPackageMetaData     at emitTwo (events.js:100:13)
21 silly fetchPackageMetaData     at Request.emit (events.js:185:7)
21 silly fetchPackageMetaData     at Request.<anonymous> (/usr/local/lib/node_modules/npm/node_modules/request/request.js:1036:10)
21 silly fetchPackageMetaData     at emitOne (events.js:95:20)
21 silly fetchPackageMetaData     at Request.emit (events.js:182:7)
21 silly fetchPackageMetaData     at IncomingMessage.<anonymous> (/usr/local/lib/node_modules/npm/node_modules/request/request.js:963:12)
21 silly fetchPackageMetaData  error for autoclose-html { [Error: Registry returned 404 for GET on https://registry.npmjs.org/autoclose-html] pkgid: 'autoclose-html', statusCode: 404, code: 'E404' }
22 silly rollbackFailedOptional Starting
23 silly rollbackFailedOptional Finishing
24 silly runTopLevelLifecycles Starting
25 silly runTopLevelLifecycles Finishing
26 silly install printInstalled
27 verbose stack Error: Registry returned 404 for GET on https://registry.npmjs.org/autoclose-html
27 verbose stack     at makeError (/usr/local/lib/node_modules/npm/node_modules/npm-registry-client/lib/request.js:264:12)
27 verbose stack     at CachingRegistryClient.<anonymous> (/usr/local/lib/node_modules/npm/node_modules/npm-registry-client/lib/request.js:242:14)
27 verbose stack     at Request._callback (/usr/local/lib/node_modules/npm/node_modules/npm-registry-client/lib/request.js:172:14)
27 verbose stack     at Request.self.callback (/usr/local/lib/node_modules/npm/node_modules/request/request.js:199:22)
27 verbose stack     at emitTwo (events.js:100:13)
27 verbose stack     at Request.emit (events.js:185:7)
27 verbose stack     at Request.<anonymous> (/usr/local/lib/node_modules/npm/node_modules/request/request.js:1036:10)
27 verbose stack     at emitOne (events.js:95:20)
27 verbose stack     at Request.emit (events.js:182:7)
27 verbose stack     at IncomingMessage.<anonymous> (/usr/local/lib/node_modules/npm/node_modules/request/request.js:963:12)
28 verbose statusCode 404
29 verbose pkgid autoclose-html
30 verbose cwd /Users/jeffslutzky/Development/disneyrides
31 error Darwin 15.3.0
32 error argv "/usr/local/bin/node" "/usr/local/bin/npm" "install" "-g" "autoclose-html"
33 error node v5.8.0
34 error npm  v3.7.3
35 error code E404
36 error 404 Registry returned 404 for GET on https://registry.npmjs.org/autoclose-html
37 error 404
38 error 404 'autoclose-html' is not in the npm registry.
39 error 404 You should bug the author to publish it (or use the name yourself!)
40 error 404 Note that you can also install from a
41 error 404 tarball, folder, http url, or git url.
42 verbose exit [ 1, true ]
